<?xml version="1.0" encoding="UTF-8"?>
<testsuite xmlns:xsi="http://www.w3.org/2001/XMLSchema-instance" xsi:noNamespaceSchemaLocation="https://maven.apache.org/surefire/maven-surefire-plugin/xsd/surefire-test-report.xsd" name="TestSuite" time="126.445" tests="10" errors="0" skipped="0" failures="2">
  <properties>
[...]
</properties>
  <testcase name="OpenBranchSiteAndVerifyURL" classname="branch.Branch" time="11.423"/>
  <testcase name="ClickTeamLinkAtBottom" classname="branch.Branch" time="4.618"/>
  <testcase name="GetCategoryAndEmployeesList" classname="branch.Branch" time="7.235"/>
  <testcase name="VerifyEmployeeCount_FromCategoryTabsVsAllTab" classname="branch.Branch" time="10.482">
    <failure message=" Employees count from All tab and Rest of the Tabs doesnt match expected [124] but found [119]" type="java.lang.AssertionError">java.lang.AssertionError:  Employees count from All tab and Rest of the Tabs doesnt match expected [124] but found [119]
	at branch.Branch.VerifyEmployeeCount_FromCategoryTabsVsAllTab(Branch.java:102)
</failure>
  </testcase>
  <testcase name="EmployeesMissingUnderCategories" classname="branch.Branch" time="3.403">
    <failure message=" Employees details from All tab and Rest of the Tabs doesnt match expected [0] but found [5]" type="java.lang.AssertionError">java.lang.AssertionError:  Employees details from All tab and Rest of the Tabs doesnt match expected [0] but found [5]
	at branch.Branch.EmployeesMissingUnderCategories(Branch.java:109)
</failure>
  </testcase>
  <testcase name="ComparingCategoryNamesOfemployees" classname="branch.Branch" time="3.412"/>
  <testcase name="ClickAndVerifyLinkOfCategoryTabs" classname="branch.Branch" time="43.117"/>
  <testcase name="Print_CoFoundersNames" classname="branch.Branch" time="0"/>
  <testcase name="VerifyRequestDemoURL_FromDifferentScreens" classname="branch.Branch" time="30.673"/>
  <testcase name="NavigatingToHomePageByClickingCompanyLogo" classname="branch.Branch" time="8.581"/>
</testsuite>